<?xml version="1.0" encoding="UTF-8"?>
<!-- Generated by org.testng.reporters.JUnitReportReporter -->
<testsuite skipped="0" hostname="DESKTOP-UBA01OH" name="pageobjectstests.IzaanHomePageTests" tests="2" failures="0" timestamp="25 Jul 2022 21:58:19 GMT" time="16.276" errors="0">
  <testcase name="assertionBodyText" time="9.525" classname="pageobjectstests.IzaanHomePageTests"/>
  <testcase name="headerAssertion" time="6.751" classname="pageobjectstests.IzaanHomePageTests"/>
</testsuite> <!-- pageobjectstests.IzaanHomePageTests -->
