<?xml version="1.0" encoding="UTF-8"?>
<!-- Generated by org.testng.reporters.JUnitReportReporter -->
<testsuite skipped="0" hostname="DESKTOP-UBA01OH" name="pageobjectstests.IzaanHomePageTests" tests="2" failures="0" timestamp="29 Jul 2022 02:19:54 GMT" time="19.622" errors="0">
  <testcase name="assertionBodyText" time="10.670" classname="pageobjectstests.IzaanHomePageTests"/>
  <testcase name="headerAssertion" time="8.952" classname="pageobjectstests.IzaanHomePageTests"/>
</testsuite> <!-- pageobjectstests.IzaanHomePageTests -->
