<?xml version="1.0" encoding="UTF-8"?>
<!-- Generated by org.testng.reporters.JUnitReportReporter -->
<testsuite skipped="0" hostname="DESKTOP-UBA01OH" name="pageobjectstests.IzaanHomePageTests" tests="2" failures="0" timestamp="27 Jul 2022 21:35:25 GMT" time="22.785" errors="0">
  <testcase name="assertionBodyText" time="13.884" classname="pageobjectstests.IzaanHomePageTests"/>
  <testcase name="headerAssertion" time="8.901" classname="pageobjectstests.IzaanHomePageTests"/>
</testsuite> <!-- pageobjectstests.IzaanHomePageTests -->
