<?xml version="1.0" encoding="UTF-8"?>
<!-- Generated by org.testng.reporters.JUnitReportReporter -->
<testsuite skipped="0" hostname="DESKTOP-UBA01OH" name="pageobjectstests.IzaanHomePageTests" tests="2" failures="0" timestamp="26 Jul 2022 01:45:57 GMT" time="8.423" errors="0">
  <testcase name="assertionBodyText" time="3.916" classname="pageobjectstests.IzaanHomePageTests"/>
  <testcase name="headerAssertion" time="4.507" classname="pageobjectstests.IzaanHomePageTests"/>
</testsuite> <!-- pageobjectstests.IzaanHomePageTests -->
